This is pdfTeX, Version 3.141592653-2.6-1.40.24 (MiKTeX 22.1) (preloaded format=pdflatex 2023.11.24)  25 NOV 2023 11:13
entering extended mode
 restricted \write18 enabled.
 %&-line parsing enabled.
**try
(main.tex
LaTeX2e <2023-11-01>
L3 programming layer <2023-11-09>

(/Users/amarcirgic/Library/Application Support/MiKTeX/texmfs/install/tex/latex/
base/article.cls
Document Class: article 2023/05/17 v1.4n Standard LaTeX document class

(/Users/amarcirgic/Library/Application Support/MiKTeX/texmfs/install/tex/latex/
base/size12.clo
File: size12.clo 2023/05/17 v1.4n Standard LaTeX file (size option)
)
\c@part=\count186
\c@section=\count187
\c@subsection=\count188
\c@subsubsection=\count189
\c@paragraph=\count190
\c@subparagraph=\count191
\c@figure=\count192
\c@table=\count193
\abovecaptionskip=\skip48
\belowcaptionskip=\skip49
\bibindent=\dimen140
)
(/Users/amarcirgic/Library/Application Support/MiKTeX/texmfs/install/tex/latex/
base/inputenc.sty
Package: inputenc 2021/02/14 v1.3d Input encoding file
\inpenc@prehook=\toks17
\inpenc@posthook=\toks18
)
(/Users/amarcirgic/Library/Application Support/MiKTeX/texmfs/install/tex/generi
c/babel/babel.sty
Package: babel 2023/11/11 v3.97 The Babel package
\babel@savecnt=\count194
\U@D=\dimen141
\l@unhyphenated=\language1

(/Users/amarcirgic/Library/Application Support/MiKTeX/texmfs/install/tex/generi
c/babel/txtbabel.def)
\bbl@readstream=\read2
\bbl@dirlevel=\count195

*************************************
* Local config file bblopts.cfg used
*

(/Users/amarcirgic/Library/Application Support/MiKTeX/texmfs/install/tex/latex/
arabi/bblopts.cfg
File: bblopts.cfg 2005/09/08 v0.1 add Arabic and Farsi to "declared" options of
 babel
)
(/Users/amarcirgic/Library/Application Support/MiKTeX/texmfs/install/tex/latex/
babel-bosnian/bosnian.ldf
Language: bosnian 2015/08/20 v1.1 Bosnian support from the babel system


Package babel Warning: No hyphenation patterns were preloaded for
(babel)                the language 'Bosnian' into the format.
(babel)                Please, configure your TeX system to add them and
(babel)                rebuild the format. Now I will use the patterns
(babel)                preloaded for \language=0 instead on input line 43.

))
(/Users/amarcirgic/Library/Application Support/MiKTeX/texmfs/install/tex/generi
c/babel/locale/bs/babel-bosnian.tex
Package babel Info: Importing font and identification data for bosnian
(babel)             from babel-bs.ini. Reported on input line 11.
)
(/Users/amarcirgic/Library/Application Support/MiKTeX/texmfs/install/tex/latex/
l3backend/l3backend-pdftex.def
File: l3backend-pdftex.def 2023-11-09 L3 backend support: PDF output (pdfTeX)
\l__color_backend_stack_int=\count196
\l__pdf_internal_box=\box51
) (main.aux)
\openout1 = `main.aux'.

LaTeX Font Info:    Checking defaults for OML/cmm/m/it on input line 6.
LaTeX Font Info:    ... okay on input line 6.
LaTeX Font Info:    Checking defaults for OMS/cmsy/m/n on input line 6.
LaTeX Font Info:    ... okay on input line 6.
LaTeX Font Info:    Checking defaults for OT1/cmr/m/n on input line 6.
LaTeX Font Info:    ... okay on input line 6.
LaTeX Font Info:    Checking defaults for T1/cmr/m/n on input line 6.
LaTeX Font Info:    ... okay on input line 6.
LaTeX Font Info:    Checking defaults for TS1/cmr/m/n on input line 6.
LaTeX Font Info:    ... okay on input line 6.
LaTeX Font Info:    Checking defaults for OMX/cmex/m/n on input line 6.
LaTeX Font Info:    ... okay on input line 6.
LaTeX Font Info:    Checking defaults for U/cmr/m/n on input line 6.
LaTeX Font Info:    ... okay on input line 6.
LaTeX Font Info:    External font `cmex10' loaded for size
(Font)              <14.4> on input line 7.
LaTeX Font Info:    External font `cmex10' loaded for size
(Font)              <7> on input line 7.
LaTeX Font Info:    Trying to load font information for OMS+cmr on input line 1
7.

(/Users/amarcirgic/Library/Application Support/MiKTeX/texmfs/install/tex/latex/
base/omscmr.fd
File: omscmr.fd 2023/04/13 v2.5m Standard LaTeX font definitions
)
LaTeX Font Info:    Font shape `OMS/cmr/m/n' in size <12> not available
(Font)              Font shape `OMS/cmsy/m/n' tried instead on input line 17.
 [1

{/Users/amarcirgic/Library/Application Support/MiKTeX/texmfs/data/fonts/map/pdf
tex/pdftex.map}] (main.aux)
 ***********
LaTeX2e <2023-11-01>
L3 programming layer <2023-11-09>
 ***********
 ) 
Here is how much of TeX's memory you used:
 1559 strings out of 476521
 29923 string characters out of 5794943
 1925555 words of memory out of 5000000
 23549 multiletter control sequences out of 15000+600000
 560173 words of font info for 43 fonts, out of 8000000 for 9000
 0 hyphenation exceptions out of 8191
 40i,6n,52p,143b,197s stack positions out of 10000i,1000n,20000p,200000b,200000s
 </Users/amarcirgic/Library/Application Support/MiKTeX/texmfs/data/fonts/pk/l
jfour/jknappen/ec/dpi600/tcrm1200.pk></Users/amarcirgic/Library/Application Sup
port/MiKTeX/texmfs/install/fonts/type1/public/amsfonts/cm/cmr12.pfb></Users/ama
rcirgic/Library/Application Support/MiKTeX/texmfs/install/fonts/type1/public/am
sfonts/cm/cmr17.pfb></Users/amarcirgic/Library/Application Support/MiKTeX/texmf
s/install/fonts/type1/public/amsfonts/cm/cmsy10.pfb>
Output written on main.pdf (1 page, 36173 bytes).
PDF statistics:
 26 PDF objects out of 1000 (max. 8388607)
 0 named destinations out of 1000 (max. 500000)
 1 words of extra memory for PDF output out of 10000 (max. 10000000)

